2022-11-11 10:24:22.133 [ERROR] [org.springframework.boot.SpringApplication] Application run failed 
org.springframework.beans.factory.UnsatisfiedDependencyException: Error creating bean with name 'pocketMonsterDaoImpl': Unsatisfied dependency expressed through field 'sqlSession'; nested exception is org.springframework.beans.factory.UnsatisfiedDependencyException: Error creating bean with name 'sqlSessionTemplate' defined in class path resource [org/mybatis/spring/boot/autoconfigure/MybatisAutoConfiguration.class]: Unsatisfied dependency expressed through method 'sqlSessionTemplate' parameter 0; nested exception is org.springframework.beans.factory.BeanCreationException: Error creating bean with name 'sqlSessionFactory' defined in class path resource [org/mybatis/spring/boot/autoconfigure/MybatisAutoConfiguration.class]: Bean instantiation via factory method failed; nested exception is org.springframework.beans.BeanInstantiationException: Failed to instantiate [org.apache.ibatis.session.SqlSessionFactory]: Factory method 'sqlSessionFactory' threw exception; nested exception is org.springframework.core.NestedIOException: Failed to parse mapping resource: 'file [C:\Users\hyeul\git\kh10\spring22rest\target\classes\mybatis\mapper\pocketmon-mapper.xml]'; nested exception is org.apache.ibatis.builder.BuilderException: Error parsing Mapper XML. The XML location is 'file [C:\Users\hyeul\git\kh10\spring22rest\target\classes\mybatis\mapper\pocketmon-mapper.xml]'. Cause: org.apache.ibatis.builder.BuilderException: Error resolving class. Cause: org.apache.ibatis.type.TypeException: Could not resolve type alias 'PocketMonsterDto'.  Cause: java.lang.ClassNotFoundException: Cannot find class: PocketMonsterDto
	at org.springframework.beans.factory.annotation.AutowiredAnnotationBeanPostProcessor$AutowiredFieldElement.resolveFieldValue(AutowiredAnnotationBeanPostProcessor.java:659)
	at org.springframework.beans.factory.annotation.AutowiredAnnotationBeanPostProcessor$AutowiredFieldElement.inject(AutowiredAnnotationBeanPostProcessor.java:639)
	at org.springframework.beans.factory.annotation.InjectionMetadata.inject(InjectionMetadata.java:119)
	at org.springframework.beans.factory.annotation.AutowiredAnnotationBeanPostProcessor.postProcessProperties(AutowiredAnnotationBeanPostProcessor.java:399)
	at org.springframework.beans.factory.support.AbstractAutowireCapableBeanFactory.populateBean(AbstractAutowireCapableBeanFactory.java:1431)
	at org.springframework.beans.factory.support.AbstractAutowireCapableBeanFactory.doCreateBean(AbstractAutowireCapableBeanFactory.java:619)
	at org.springframework.beans.factory.support.AbstractAutowireCapableBeanFactory.createBean(AbstractAutowireCapableBeanFactory.java:542)
	at org.springframework.beans.factory.support.AbstractBeanFactory.lambda$doGetBean$0(AbstractBeanFactory.java:335)
	at org.springframework.beans.factory.support.DefaultSingletonBeanRegistry.getSingleton(DefaultSingletonBeanRegistry.java:234)
	at org.springframework.beans.factory.support.AbstractBeanFactory.doGetBean(AbstractBeanFactory.java:333)
	at org.springframework.beans.factory.support.AbstractBeanFactory.getBean(AbstractBeanFactory.java:208)
	at org.springframework.beans.factory.support.DefaultListableBeanFactory.preInstantiateSingletons(DefaultListableBeanFactory.java:955)
	at org.springframework.context.support.AbstractApplicationContext.finishBeanFactoryInitialization(AbstractApplicationContext.java:918)
	at org.springframework.context.support.AbstractApplicationContext.refresh(AbstractApplicationContext.java:583)
	at org.springframework.boot.web.servlet.context.ServletWebServerApplicationContext.refresh(ServletWebServerApplicationContext.java:147)
	at org.springframework.boot.SpringApplication.refresh(SpringApplication.java:734)
	at org.springframework.boot.SpringApplication.refreshContext(SpringApplication.java:408)
	at org.springframework.boot.SpringApplication.run(SpringApplication.java:308)
	at org.springframework.boot.SpringApplication.run(SpringApplication.java:1306)
	at org.springframework.boot.SpringApplication.run(SpringApplication.java:1295)
	at com.kh.spring22.Spring22restApplication.main(Spring22restApplication.java:10)
	at java.base/jdk.internal.reflect.NativeMethodAccessorImpl.invoke0(Native Method)
	at java.base/jdk.internal.reflect.NativeMethodAccessorImpl.invoke(NativeMethodAccessorImpl.java:62)
	at java.base/jdk.internal.reflect.DelegatingMethodAccessorImpl.invoke(DelegatingMethodAccessorImpl.java:43)
	at java.base/java.lang.reflect.Method.invoke(Method.java:566)
	at org.springframework.boot.devtools.restart.RestartLauncher.run(RestartLauncher.java:49)
Caused by: org.springframework.beans.factory.UnsatisfiedDependencyException: Error creating bean with name 'sqlSessionTemplate' defined in class path resource [org/mybatis/spring/boot/autoconfigure/MybatisAutoConfiguration.class]: Unsatisfied dependency expressed through method 'sqlSessionTemplate' parameter 0; nested exception is org.springframework.beans.factory.BeanCreationException: Error creating bean with name 'sqlSessionFactory' defined in class path resource [org/mybatis/spring/boot/autoconfigure/MybatisAutoConfiguration.class]: Bean instantiation via factory method failed; nested exception is org.springframework.beans.BeanInstantiationException: Failed to instantiate [org.apache.ibatis.session.SqlSessionFactory]: Factory method 'sqlSessionFactory' threw exception; nested exception is org.springframework.core.NestedIOException: Failed to parse mapping resource: 'file [C:\Users\hyeul\git\kh10\spring22rest\target\classes\mybatis\mapper\pocketmon-mapper.xml]'; nested exception is org.apache.ibatis.builder.BuilderException: Error parsing Mapper XML. The XML location is 'file [C:\Users\hyeul\git\kh10\spring22rest\target\classes\mybatis\mapper\pocketmon-mapper.xml]'. Cause: org.apache.ibatis.builder.BuilderException: Error resolving class. Cause: org.apache.ibatis.type.TypeException: Could not resolve type alias 'PocketMonsterDto'.  Cause: java.lang.ClassNotFoundException: Cannot find class: PocketMonsterDto
	at org.springframework.beans.factory.support.ConstructorResolver.createArgumentArray(ConstructorResolver.java:800)
	at org.springframework.beans.factory.support.ConstructorResolver.instantiateUsingFactoryMethod(ConstructorResolver.java:541)
	at org.springframework.beans.factory.support.AbstractAutowireCapableBeanFactory.instantiateUsingFactoryMethod(AbstractAutowireCapableBeanFactory.java:1352)
	at org.springframework.beans.factory.support.AbstractAutowireCapableBeanFactory.createBeanInstance(AbstractAutowireCapableBeanFactory.java:1195)
	at org.springframework.beans.factory.support.AbstractAutowireCapableBeanFactory.doCreateBean(AbstractAutowireCapableBeanFactory.java:582)
	at org.springframework.beans.factory.support.AbstractAutowireCapableBeanFactory.createBean(AbstractAutowireCapableBeanFactory.java:542)
	at org.springframework.beans.factory.support.AbstractBeanFactory.lambda$doGetBean$0(AbstractBeanFactory.java:335)
	at org.springframework.beans.factory.support.DefaultSingletonBeanRegistry.getSingleton(DefaultSingletonBeanRegistry.java:234)
	at org.springframework.beans.factory.support.AbstractBeanFactory.doGetBean(AbstractBeanFactory.java:333)
	at org.springframework.beans.factory.support.AbstractBeanFactory.getBean(AbstractBeanFactory.java:208)
	at org.springframework.beans.factory.config.DependencyDescriptor.resolveCandidate(DependencyDescriptor.java:276)
	at org.springframework.beans.factory.support.DefaultListableBeanFactory.doResolveDependency(DefaultListableBeanFactory.java:1391)
	at org.springframework.beans.factory.support.DefaultListableBeanFactory.resolveDependency(DefaultListableBeanFactory.java:1311)
	at org.springframework.beans.factory.annotation.AutowiredAnnotationBeanPostProcessor$AutowiredFieldElement.resolveFieldValue(AutowiredAnnotationBeanPostProcessor.java:656)
	... 25 common frames omitted
Caused by: org.springframework.beans.factory.BeanCreationException: Error creating bean with name 'sqlSessionFactory' defined in class path resource [org/mybatis/spring/boot/autoconfigure/MybatisAutoConfiguration.class]: Bean instantiation via factory method failed; nested exception is org.springframework.beans.BeanInstantiationException: Failed to instantiate [org.apache.ibatis.session.SqlSessionFactory]: Factory method 'sqlSessionFactory' threw exception; nested exception is org.springframework.core.NestedIOException: Failed to parse mapping resource: 'file [C:\Users\hyeul\git\kh10\spring22rest\target\classes\mybatis\mapper\pocketmon-mapper.xml]'; nested exception is org.apache.ibatis.builder.BuilderException: Error parsing Mapper XML. The XML location is 'file [C:\Users\hyeul\git\kh10\spring22rest\target\classes\mybatis\mapper\pocketmon-mapper.xml]'. Cause: org.apache.ibatis.builder.BuilderException: Error resolving class. Cause: org.apache.ibatis.type.TypeException: Could not resolve type alias 'PocketMonsterDto'.  Cause: java.lang.ClassNotFoundException: Cannot find class: PocketMonsterDto
	at org.springframework.beans.factory.support.ConstructorResolver.instantiate(ConstructorResolver.java:658)
	at org.springframework.beans.factory.support.ConstructorResolver.instantiateUsingFactoryMethod(ConstructorResolver.java:638)
	at org.springframework.beans.factory.support.AbstractAutowireCapableBeanFactory.instantiateUsingFactoryMethod(AbstractAutowireCapableBeanFactory.java:1352)
	at org.springframework.beans.factory.support.AbstractAutowireCapableBeanFactory.createBeanInstance(AbstractAutowireCapableBeanFactory.java:1195)
	at org.springframework.beans.factory.support.AbstractAutowireCapableBeanFactory.doCreateBean(AbstractAutowireCapableBeanFactory.java:582)
	at org.springframework.beans.factory.support.AbstractAutowireCapableBeanFactory.createBean(AbstractAutowireCapableBeanFactory.java:542)
	at org.springframework.beans.factory.support.AbstractBeanFactory.lambda$doGetBean$0(AbstractBeanFactory.java:335)
	at org.springframework.beans.factory.support.DefaultSingletonBeanRegistry.getSingleton(DefaultSingletonBeanRegistry.java:234)
	at org.springframework.beans.factory.support.AbstractBeanFactory.doGetBean(AbstractBeanFactory.java:333)
	at org.springframework.beans.factory.support.AbstractBeanFactory.getBean(AbstractBeanFactory.java:208)
	at org.springframework.beans.factory.config.DependencyDescriptor.resolveCandidate(DependencyDescriptor.java:276)
	at org.springframework.beans.factory.support.DefaultListableBeanFactory.doResolveDependency(DefaultListableBeanFactory.java:1391)
	at org.springframework.beans.factory.support.DefaultListableBeanFactory.resolveDependency(DefaultListableBeanFactory.java:1311)
	at org.springframework.beans.factory.support.ConstructorResolver.resolveAutowiredArgument(ConstructorResolver.java:887)
	at org.springframework.beans.factory.support.ConstructorResolver.createArgumentArray(ConstructorResolver.java:791)
	... 38 common frames omitted
Caused by: org.springframework.beans.BeanInstantiationException: Failed to instantiate [org.apache.ibatis.session.SqlSessionFactory]: Factory method 'sqlSessionFactory' threw exception; nested exception is org.springframework.core.NestedIOException: Failed to parse mapping resource: 'file [C:\Users\hyeul\git\kh10\spring22rest\target\classes\mybatis\mapper\pocketmon-mapper.xml]'; nested exception is org.apache.ibatis.builder.BuilderException: Error parsing Mapper XML. The XML location is 'file [C:\Users\hyeul\git\kh10\spring22rest\target\classes\mybatis\mapper\pocketmon-mapper.xml]'. Cause: org.apache.ibatis.builder.BuilderException: Error resolving class. Cause: org.apache.ibatis.type.TypeException: Could not resolve type alias 'PocketMonsterDto'.  Cause: java.lang.ClassNotFoundException: Cannot find class: PocketMonsterDto
	at org.springframework.beans.factory.support.SimpleInstantiationStrategy.instantiate(SimpleInstantiationStrategy.java:185)
	at org.springframework.beans.factory.support.ConstructorResolver.instantiate(ConstructorResolver.java:653)
	... 52 common frames omitted
Caused by: org.springframework.core.NestedIOException: Failed to parse mapping resource: 'file [C:\Users\hyeul\git\kh10\spring22rest\target\classes\mybatis\mapper\pocketmon-mapper.xml]'; nested exception is org.apache.ibatis.builder.BuilderException: Error parsing Mapper XML. The XML location is 'file [C:\Users\hyeul\git\kh10\spring22rest\target\classes\mybatis\mapper\pocketmon-mapper.xml]'. Cause: org.apache.ibatis.builder.BuilderException: Error resolving class. Cause: org.apache.ibatis.type.TypeException: Could not resolve type alias 'PocketMonsterDto'.  Cause: java.lang.ClassNotFoundException: Cannot find class: PocketMonsterDto
	at org.mybatis.spring.SqlSessionFactoryBean.buildSqlSessionFactory(SqlSessionFactoryBean.java:613)
	at org.mybatis.spring.SqlSessionFactoryBean.afterPropertiesSet(SqlSessionFactoryBean.java:491)
	at org.mybatis.spring.SqlSessionFactoryBean.getObject(SqlSessionFactoryBean.java:633)
	at org.mybatis.spring.boot.autoconfigure.MybatisAutoConfiguration.sqlSessionFactory(MybatisAutoConfiguration.java:188)
	at org.mybatis.spring.boot.autoconfigure.MybatisAutoConfiguration$$EnhancerBySpringCGLIB$$4adb8c49.CGLIB$sqlSessionFactory$0(<generated>)
	at org.mybatis.spring.boot.autoconfigure.MybatisAutoConfiguration$$EnhancerBySpringCGLIB$$4adb8c49$$FastClassBySpringCGLIB$$a4095389.invoke(<generated>)
	at org.springframework.cglib.proxy.MethodProxy.invokeSuper(MethodProxy.java:244)
	at org.springframework.context.annotation.ConfigurationClassEnhancer$BeanMethodInterceptor.intercept(ConfigurationClassEnhancer.java:331)
	at org.mybatis.spring.boot.autoconfigure.MybatisAutoConfiguration$$EnhancerBySpringCGLIB$$4adb8c49.sqlSessionFactory(<generated>)
	at java.base/jdk.internal.reflect.NativeMethodAccessorImpl.invoke0(Native Method)
	at java.base/jdk.internal.reflect.NativeMethodAccessorImpl.invoke(NativeMethodAccessorImpl.java:62)
	at java.base/jdk.internal.reflect.DelegatingMethodAccessorImpl.invoke(DelegatingMethodAccessorImpl.java:43)
	at java.base/java.lang.reflect.Method.invoke(Method.java:566)
	at org.springframework.beans.factory.support.SimpleInstantiationStrategy.instantiate(SimpleInstantiationStrategy.java:154)
	... 53 common frames omitted
Caused by: org.apache.ibatis.builder.BuilderException: Error parsing Mapper XML. The XML location is 'file [C:\Users\hyeul\git\kh10\spring22rest\target\classes\mybatis\mapper\pocketmon-mapper.xml]'. Cause: org.apache.ibatis.builder.BuilderException: Error resolving class. Cause: org.apache.ibatis.type.TypeException: Could not resolve type alias 'PocketMonsterDto'.  Cause: java.lang.ClassNotFoundException: Cannot find class: PocketMonsterDto
	at org.apache.ibatis.builder.xml.XMLMapperBuilder.configurationElement(XMLMapperBuilder.java:123)
	at org.apache.ibatis.builder.xml.XMLMapperBuilder.parse(XMLMapperBuilder.java:95)
	at org.mybatis.spring.SqlSessionFactoryBean.buildSqlSessionFactory(SqlSessionFactoryBean.java:611)
	... 66 common frames omitted
Caused by: org.apache.ibatis.builder.BuilderException: Error resolving class. Cause: org.apache.ibatis.type.TypeException: Could not resolve type alias 'PocketMonsterDto'.  Cause: java.lang.ClassNotFoundException: Cannot find class: PocketMonsterDto
	at org.apache.ibatis.builder.BaseBuilder.resolveClass(BaseBuilder.java:118)
	at org.apache.ibatis.builder.xml.XMLStatementBuilder.parseStatementNode(XMLStatementBuilder.java:102)
	at org.apache.ibatis.builder.xml.XMLMapperBuilder.buildStatementFromContext(XMLMapperBuilder.java:138)
	at org.apache.ibatis.builder.xml.XMLMapperBuilder.buildStatementFromContext(XMLMapperBuilder.java:131)
	at org.apache.ibatis.builder.xml.XMLMapperBuilder.configurationElement(XMLMapperBuilder.java:121)
	... 68 common frames omitted
Caused by: org.apache.ibatis.type.TypeException: Could not resolve type alias 'PocketMonsterDto'.  Cause: java.lang.ClassNotFoundException: Cannot find class: PocketMonsterDto
	at org.apache.ibatis.type.TypeAliasRegistry.resolveAlias(TypeAliasRegistry.java:120)
	at org.apache.ibatis.builder.BaseBuilder.resolveAlias(BaseBuilder.java:149)
	at org.apache.ibatis.builder.BaseBuilder.resolveClass(BaseBuilder.java:116)
	... 72 common frames omitted
Caused by: java.lang.ClassNotFoundException: Cannot find class: PocketMonsterDto
	at org.apache.ibatis.io.ClassLoaderWrapper.classForName(ClassLoaderWrapper.java:196)
	at org.apache.ibatis.io.ClassLoaderWrapper.classForName(ClassLoaderWrapper.java:89)
	at org.apache.ibatis.io.Resources.classForName(Resources.java:261)
	at org.apache.ibatis.type.TypeAliasRegistry.resolveAlias(TypeAliasRegistry.java:116)
	... 74 common frames omitted
2022-11-11 10:30:10.214 [INFO ] [com.kh.spring22.Spring22restApplication] Starting Spring22restApplication using Java 11.0.16 on LAPTOP-J0K0DP1F with PID 3392 (C:\Users\hyeul\git\kh10\spring22rest\target\classes started by hyeul in C:\Users\hyeul\git\kh10\spring22rest) 
2022-11-11 10:30:10.215 [DEBUG] [com.kh.spring22.Spring22restApplication] Running with Spring Boot v2.7.5, Spring v5.3.23 
2022-11-11 10:30:10.216 [INFO ] [com.kh.spring22.Spring22restApplication] No active profile set, falling back to 1 default profile: "default" 
2022-11-11 10:30:12.930 [INFO ] [com.kh.spring22.Spring22restApplication] Started Spring22restApplication in 3.11 seconds (JVM running for 4.239) 
2022-11-11 10:45:50.988 [INFO ] [com.kh.spring22.Spring22restApplication] Starting Spring22restApplication using Java 11.0.16 on LAPTOP-J0K0DP1F with PID 3392 (C:\Users\hyeul\git\kh10\spring22rest\target\classes started by hyeul in C:\Users\hyeul\git\kh10\spring22rest) 
2022-11-11 10:45:50.988 [DEBUG] [com.kh.spring22.Spring22restApplication] Running with Spring Boot v2.7.5, Spring v5.3.23 
2022-11-11 10:45:50.988 [INFO ] [com.kh.spring22.Spring22restApplication] No active profile set, falling back to 1 default profile: "default" 
2022-11-11 10:45:52.417 [INFO ] [com.kh.spring22.Spring22restApplication] Started Spring22restApplication in 1.494 seconds (JVM running for 943.726) 
2022-11-11 10:46:08.9 [INFO ] [com.kh.spring22.Spring22restApplication] Starting Spring22restApplication using Java 11.0.16 on LAPTOP-J0K0DP1F with PID 3392 (C:\Users\hyeul\git\kh10\spring22rest\target\classes started by hyeul in C:\Users\hyeul\git\kh10\spring22rest) 
2022-11-11 10:46:08.10 [DEBUG] [com.kh.spring22.Spring22restApplication] Running with Spring Boot v2.7.5, Spring v5.3.23 
2022-11-11 10:46:08.10 [INFO ] [com.kh.spring22.Spring22restApplication] No active profile set, falling back to 1 default profile: "default" 
2022-11-11 10:46:08.786 [INFO ] [com.kh.spring22.Spring22restApplication] Started Spring22restApplication in 0.815 seconds (JVM running for 960.096) 
2022-11-11 10:47:08.199 [INFO ] [com.kh.spring22.Spring22restApplication] Starting Spring22restApplication using Java 11.0.16 on LAPTOP-J0K0DP1F with PID 3392 (C:\Users\hyeul\git\kh10\spring22rest\target\classes started by hyeul in C:\Users\hyeul\git\kh10\spring22rest) 
2022-11-11 10:47:08.200 [DEBUG] [com.kh.spring22.Spring22restApplication] Running with Spring Boot v2.7.5, Spring v5.3.23 
2022-11-11 10:47:08.200 [INFO ] [com.kh.spring22.Spring22restApplication] No active profile set, falling back to 1 default profile: "default" 
2022-11-11 10:47:08.794 [INFO ] [com.kh.spring22.Spring22restApplication] Started Spring22restApplication in 0.632 seconds (JVM running for 1020.103) 
2022-11-11 10:47:53.831 [INFO ] [com.kh.spring22.Spring22restApplication] Starting Spring22restApplication using Java 11.0.16 on LAPTOP-J0K0DP1F with PID 3392 (C:\Users\hyeul\git\kh10\spring22rest\target\classes started by hyeul in C:\Users\hyeul\git\kh10\spring22rest) 
2022-11-11 10:47:53.832 [DEBUG] [com.kh.spring22.Spring22restApplication] Running with Spring Boot v2.7.5, Spring v5.3.23 
2022-11-11 10:47:53.832 [INFO ] [com.kh.spring22.Spring22restApplication] No active profile set, falling back to 1 default profile: "default" 
2022-11-11 10:47:54.556 [INFO ] [com.kh.spring22.Spring22restApplication] Started Spring22restApplication in 0.752 seconds (JVM running for 1065.865) 
2022-11-11 10:48:57.157 [INFO ] [com.kh.spring22.Spring22restApplication] Starting Spring22restApplication using Java 11.0.16 on LAPTOP-J0K0DP1F with PID 3392 (C:\Users\hyeul\git\kh10\spring22rest\target\classes started by hyeul in C:\Users\hyeul\git\kh10\spring22rest) 
2022-11-11 10:48:57.157 [DEBUG] [com.kh.spring22.Spring22restApplication] Running with Spring Boot v2.7.5, Spring v5.3.23 
2022-11-11 10:48:57.157 [INFO ] [com.kh.spring22.Spring22restApplication] No active profile set, falling back to 1 default profile: "default" 
2022-11-11 10:48:57.735 [INFO ] [com.kh.spring22.Spring22restApplication] Started Spring22restApplication in 0.61 seconds (JVM running for 1129.044) 
2022-11-11 10:51:56.866 [INFO ] [com.kh.spring22.Spring22restApplication] Starting Spring22restApplication using Java 11.0.16 on LAPTOP-J0K0DP1F with PID 27036 (C:\Users\hyeul\git\kh10\spring22rest\target\classes started by hyeul in C:\Users\hyeul\git\kh10\spring22rest) 
2022-11-11 10:51:56.867 [DEBUG] [com.kh.spring22.Spring22restApplication] Running with Spring Boot v2.7.5, Spring v5.3.23 
2022-11-11 10:51:56.868 [INFO ] [com.kh.spring22.Spring22restApplication] No active profile set, falling back to 1 default profile: "default" 
2022-11-11 10:52:00.247 [INFO ] [com.kh.spring22.Spring22restApplication] Started Spring22restApplication in 3.766 seconds (JVM running for 4.877) 
